<?xml version="1.0" encoding="UTF-8"?>
<testng-results skipped="0" failed="0" ignored="0" total="1" passed="1">
  <reporter-output>
  </reporter-output>
  <suite name="Default suite" duration-ms="121979" started-at="2021-09-19T09:17:55 IST" finished-at="2021-09-19T09:19:57 IST">
    <groups>
    </groups>
    <test name="Default test" duration-ms="121979" started-at="2021-09-19T09:17:55 IST" finished-at="2021-09-19T09:19:57 IST">
      <class name="com.maven.aqua.CrossBrowserScript">
        <test-method status="PASS" signature="setup(java.lang.String)[pri:0, instance:com.maven.aqua.CrossBrowserScript@5ed828d]" name="setup" is-config="true" duration-ms="4518" started-at="2021-09-19T09:17:55 IST" finished-at="2021-09-19T09:17:59 IST">
          <params>
            <param index="0">
              <value>
                <![CDATA[Firefox]]>
              </value>
            </param>
          </params>
          <reporter-output>
          </reporter-output>
        </test-method> <!-- setup -->
        <test-method status="PASS" signature="testParameterWithXML()[pri:0, instance:com.maven.aqua.CrossBrowserScript@5ed828d]" name="testParameterWithXML" duration-ms="117386" started-at="2021-09-19T09:17:59 IST" finished-at="2021-09-19T09:19:57 IST">
          <reporter-output>
          </reporter-output>
        </test-method> <!-- testParameterWithXML -->
      </class> <!-- com.maven.aqua.CrossBrowserScript -->
    </test> <!-- Default test -->
  </suite> <!-- Default suite -->
</testng-results>
