<?xml version="1.0" encoding="UTF-8"?>
<testng-results skipped="0" failed="0" ignored="0" total="2" passed="2">
  <reporter-output>
  </reporter-output>
  <suite name="SampleSuite2" duration-ms="50901" started-at="2021-09-17T16:43:29 IST" finished-at="2021-09-17T16:44:20 IST">
    <groups>
    </groups>
    <test name="SampleTest" duration-ms="22350" started-at="2021-09-17T16:43:29 IST" finished-at="2021-09-17T16:43:51 IST">
      <class name="com.maven.aqua.CrossBrowserScript">
        <test-method status="PASS" signature="setup(java.lang.String)[pri:0, instance:com.maven.aqua.CrossBrowserScript@5ed828d]" name="setup" is-config="true" duration-ms="6656" started-at="2021-09-17T16:43:29 IST" finished-at="2021-09-17T16:43:35 IST">
          <params>
            <param index="0">
              <value>
                <![CDATA[Chrome]]>
              </value>
            </param>
          </params>
          <reporter-output>
          </reporter-output>
        </test-method> <!-- setup -->
        <test-method status="PASS" signature="testParameterWithXML()[pri:0, instance:com.maven.aqua.CrossBrowserScript@5ed828d]" name="testParameterWithXML" duration-ms="15592" started-at="2021-09-17T16:43:35 IST" finished-at="2021-09-17T16:43:51 IST">
          <reporter-output>
          </reporter-output>
        </test-method> <!-- testParameterWithXML -->
      </class> <!-- com.maven.aqua.CrossBrowserScript -->
    </test> <!-- SampleTest -->
    <test name="Sample2Test" duration-ms="28464" started-at="2021-09-17T16:43:51 IST" finished-at="2021-09-17T16:44:20 IST">
      <class name="com.maven.aqua.CrossBrowserScript">
        <test-method status="PASS" signature="setup(java.lang.String)[pri:0, instance:com.maven.aqua.CrossBrowserScript@75881071]" name="setup" is-config="true" duration-ms="8853" started-at="2021-09-17T16:43:51 IST" finished-at="2021-09-17T16:44:00 IST">
          <params>
            <param index="0">
              <value>
                <![CDATA[Firefox]]>
              </value>
            </param>
          </params>
          <reporter-output>
          </reporter-output>
        </test-method> <!-- setup -->
        <test-method status="PASS" signature="testParameterWithXML()[pri:0, instance:com.maven.aqua.CrossBrowserScript@75881071]" name="testParameterWithXML" duration-ms="19608" started-at="2021-09-17T16:44:00 IST" finished-at="2021-09-17T16:44:20 IST">
          <reporter-output>
          </reporter-output>
        </test-method> <!-- testParameterWithXML -->
      </class> <!-- com.maven.aqua.CrossBrowserScript -->
    </test> <!-- Sample2Test -->
  </suite> <!-- SampleSuite2 -->
</testng-results>
